2020-11-28 15:18:01.396-[restartedMain] INFO  com.huawei.sms.SmsApplication [StartupInfoLogger.java:55] - Starting SmsApplication on MicroWin10-2350 with PID 15248 (D:\huawei\sms\target\classes started by Administrator in D:\huawei\sms)
2020-11-28 15:18:01.398-[restartedMain] INFO  com.huawei.sms.SmsApplication [SpringApplication.java:651] - No active profile set, falling back to default profiles: default
2020-11-28 15:18:01.766-[restartedMain] WARN  org.mybatis.spring.mapper.ClassPathMapperScanner [Logger.java:44] - No MyBatis mapper was found in '[com.huawei.sms]' package. Please check your configuration.
2020-11-28 15:18:01.864-[restartedMain] INFO  org.springframework.boot.web.embedded.tomcat.TomcatWebServer [TomcatWebServer.java:108] - Tomcat initialized with port(s): 8080 (http)
2020-11-28 15:18:01.865-[restartedMain] INFO  org.apache.catalina.core.StandardService [DirectJDKLog.java:173] - Starting service [Tomcat]
2020-11-28 15:18:01.866-[restartedMain] INFO  org.apache.catalina.core.StandardEngine [DirectJDKLog.java:173] - Starting Servlet engine: [Apache Tomcat/9.0.36]
2020-11-28 15:18:01.883-[restartedMain] INFO  org.apache.catalina.core.ContainerBase.[Tomcat-1].[localhost].[/] [DirectJDKLog.java:173] - Initializing Spring embedded WebApplicationContext
2020-11-28 15:18:01.883-[restartedMain] INFO  org.springframework.boot.web.servlet.context.ServletWebServerApplicationContext [ServletWebServerApplicationContext.java:285] - Root WebApplicationContext: initialization completed in 468 ms
2020-11-28 15:18:01.978-[restartedMain] INFO  org.springframework.scheduling.concurrent.ThreadPoolTaskExecutor [ExecutorConfigurationSupport.java:181] - Initializing ExecutorService 'applicationTaskExecutor'
2020-11-28 15:18:02.071-[restartedMain] WARN  o.s.boot.web.servlet.context.AnnotationConfigServletWebServerApplicationContext [AbstractApplicationContext.java:559] - Exception encountered during context initialization - cancelling refresh attempt: org.springframework.beans.factory.BeanCreationException: Error creating bean with name 'sqlSessionFactory' defined in class path resource [org/mybatis/spring/boot/autoconfigure/MybatisAutoConfiguration.class]: Bean instantiation via factory method failed; nested exception is org.springframework.beans.BeanInstantiationException: Failed to instantiate [org.apache.ibatis.session.SqlSessionFactory]: Factory method 'sqlSessionFactory' threw exception; nested exception is org.springframework.core.NestedIOException: Failed to parse mapping resource: 'file [D:\huawei\sms\target\classes\mapper\CourseInfosMapper.xml]'; nested exception is org.apache.ibatis.builder.BuilderException: Error parsing Mapper XML. The XML location is 'file [D:\huawei\sms\target\classes\mapper\CourseInfosMapper.xml]'. Cause: org.apache.ibatis.builder.BuilderException: Error resolving class. Cause: org.apache.ibatis.type.TypeException: Could not resolve type alias 'com.huawei.sms.pojo.CourseInfos'.  Cause: java.lang.ClassNotFoundException: Cannot find class: com.huawei.sms.pojo.CourseInfos
2020-11-28 15:18:02.072-[restartedMain] INFO  org.springframework.scheduling.concurrent.ThreadPoolTaskExecutor [ExecutorConfigurationSupport.java:218] - Shutting down ExecutorService 'applicationTaskExecutor'
2020-11-28 15:18:02.072-[restartedMain] INFO  org.apache.catalina.core.StandardService [DirectJDKLog.java:173] - Stopping service [Tomcat]
2020-11-28 15:18:02.080-[restartedMain] INFO  o.s.boot.autoconfigure.logging.ConditionEvaluationReportLoggingListener [ConditionEvaluationReportLoggingListener.java:136] - 

Error starting ApplicationContext. To display the conditions report re-run your application with 'debug' enabled.
2020-11-28 15:18:02.089-[restartedMain] ERROR org.springframework.boot.SpringApplication [SpringApplication.java:837] - Application run failed
org.springframework.beans.factory.BeanCreationException: Error creating bean with name 'sqlSessionFactory' defined in class path resource [org/mybatis/spring/boot/autoconfigure/MybatisAutoConfiguration.class]: Bean instantiation via factory method failed; nested exception is org.springframework.beans.BeanInstantiationException: Failed to instantiate [org.apache.ibatis.session.SqlSessionFactory]: Factory method 'sqlSessionFactory' threw exception; nested exception is org.springframework.core.NestedIOException: Failed to parse mapping resource: 'file [D:\huawei\sms\target\classes\mapper\CourseInfosMapper.xml]'; nested exception is org.apache.ibatis.builder.BuilderException: Error parsing Mapper XML. The XML location is 'file [D:\huawei\sms\target\classes\mapper\CourseInfosMapper.xml]'. Cause: org.apache.ibatis.builder.BuilderException: Error resolving class. Cause: org.apache.ibatis.type.TypeException: Could not resolve type alias 'com.huawei.sms.pojo.CourseInfos'.  Cause: java.lang.ClassNotFoundException: Cannot find class: com.huawei.sms.pojo.CourseInfos
	at org.springframework.beans.factory.support.ConstructorResolver.instantiate(ConstructorResolver.java:655)
	at org.springframework.beans.factory.support.ConstructorResolver.instantiateUsingFactoryMethod(ConstructorResolver.java:635)
	at org.springframework.beans.factory.support.AbstractAutowireCapableBeanFactory.instantiateUsingFactoryMethod(AbstractAutowireCapableBeanFactory.java:1338)
	at org.springframework.beans.factory.support.AbstractAutowireCapableBeanFactory.createBeanInstance(AbstractAutowireCapableBeanFactory.java:1177)
	at org.springframework.beans.factory.support.AbstractAutowireCapableBeanFactory.doCreateBean(AbstractAutowireCapableBeanFactory.java:557)
	at org.springframework.beans.factory.support.AbstractAutowireCapableBeanFactory.createBean(AbstractAutowireCapableBeanFactory.java:517)
	at org.springframework.beans.factory.support.AbstractBeanFactory.lambda$doGetBean$0(AbstractBeanFactory.java:323)
	at org.springframework.beans.factory.support.DefaultSingletonBeanRegistry.getSingleton(DefaultSingletonBeanRegistry.java:226)
	at org.springframework.beans.factory.support.AbstractBeanFactory.doGetBean(AbstractBeanFactory.java:321)
	at org.springframework.beans.factory.support.AbstractBeanFactory.getBean(AbstractBeanFactory.java:202)
	at org.springframework.beans.factory.support.DefaultListableBeanFactory.preInstantiateSingletons(DefaultListableBeanFactory.java:893)
	at org.springframework.context.support.AbstractApplicationContext.finishBeanFactoryInitialization(AbstractApplicationContext.java:879)
	at org.springframework.context.support.AbstractApplicationContext.refresh(AbstractApplicationContext.java:551)
	at org.springframework.boot.web.servlet.context.ServletWebServerApplicationContext.refresh(ServletWebServerApplicationContext.java:143)
	at org.springframework.boot.SpringApplication.refresh(SpringApplication.java:758)
	at org.springframework.boot.SpringApplication.refresh(SpringApplication.java:750)
	at org.springframework.boot.SpringApplication.refreshContext(SpringApplication.java:397)
	at org.springframework.boot.SpringApplication.run(SpringApplication.java:315)
	at org.springframework.boot.SpringApplication.run(SpringApplication.java:1237)
	at org.springframework.boot.SpringApplication.run(SpringApplication.java:1226)
	at com.huawei.sms.SmsApplication.main(SmsApplication.java:16)
	at sun.reflect.NativeMethodAccessorImpl.invoke0(Native Method)
	at sun.reflect.NativeMethodAccessorImpl.invoke(NativeMethodAccessorImpl.java:62)
	at sun.reflect.DelegatingMethodAccessorImpl.invoke(DelegatingMethodAccessorImpl.java:43)
	at java.lang.reflect.Method.invoke(Method.java:498)
	at org.springframework.boot.devtools.restart.RestartLauncher.run(RestartLauncher.java:49)
Caused by: org.springframework.beans.BeanInstantiationException: Failed to instantiate [org.apache.ibatis.session.SqlSessionFactory]: Factory method 'sqlSessionFactory' threw exception; nested exception is org.springframework.core.NestedIOException: Failed to parse mapping resource: 'file [D:\huawei\sms\target\classes\mapper\CourseInfosMapper.xml]'; nested exception is org.apache.ibatis.builder.BuilderException: Error parsing Mapper XML. The XML location is 'file [D:\huawei\sms\target\classes\mapper\CourseInfosMapper.xml]'. Cause: org.apache.ibatis.builder.BuilderException: Error resolving class. Cause: org.apache.ibatis.type.TypeException: Could not resolve type alias 'com.huawei.sms.pojo.CourseInfos'.  Cause: java.lang.ClassNotFoundException: Cannot find class: com.huawei.sms.pojo.CourseInfos
	at org.springframework.beans.factory.support.SimpleInstantiationStrategy.instantiate(SimpleInstantiationStrategy.java:185)
	at org.springframework.beans.factory.support.ConstructorResolver.instantiate(ConstructorResolver.java:650)
	... 25 common frames omitted
Caused by: org.springframework.core.NestedIOException: Failed to parse mapping resource: 'file [D:\huawei\sms\target\classes\mapper\CourseInfosMapper.xml]'; nested exception is org.apache.ibatis.builder.BuilderException: Error parsing Mapper XML. The XML location is 'file [D:\huawei\sms\target\classes\mapper\CourseInfosMapper.xml]'. Cause: org.apache.ibatis.builder.BuilderException: Error resolving class. Cause: org.apache.ibatis.type.TypeException: Could not resolve type alias 'com.huawei.sms.pojo.CourseInfos'.  Cause: java.lang.ClassNotFoundException: Cannot find class: com.huawei.sms.pojo.CourseInfos
	at org.mybatis.spring.SqlSessionFactoryBean.buildSqlSessionFactory(SqlSessionFactoryBean.java:612)
	at org.mybatis.spring.SqlSessionFactoryBean.afterPropertiesSet(SqlSessionFactoryBean.java:490)
	at org.mybatis.spring.SqlSessionFactoryBean.getObject(SqlSessionFactoryBean.java:632)
	at org.mybatis.spring.boot.autoconfigure.MybatisAutoConfiguration.sqlSessionFactory(MybatisAutoConfiguration.java:180)
	at org.mybatis.spring.boot.autoconfigure.MybatisAutoConfiguration$$EnhancerBySpringCGLIB$$117b6060.CGLIB$sqlSessionFactory$1(<generated>)
	at org.mybatis.spring.boot.autoconfigure.MybatisAutoConfiguration$$EnhancerBySpringCGLIB$$117b6060$$FastClassBySpringCGLIB$$346ef4cd.invoke(<generated>)
	at org.springframework.cglib.proxy.MethodProxy.invokeSuper(MethodProxy.java:244)
	at org.springframework.context.annotation.ConfigurationClassEnhancer$BeanMethodInterceptor.intercept(ConfigurationClassEnhancer.java:331)
	at org.mybatis.spring.boot.autoconfigure.MybatisAutoConfiguration$$EnhancerBySpringCGLIB$$117b6060.sqlSessionFactory(<generated>)
	at sun.reflect.NativeMethodAccessorImpl.invoke0(Native Method)
	at sun.reflect.NativeMethodAccessorImpl.invoke(NativeMethodAccessorImpl.java:62)
	at sun.reflect.DelegatingMethodAccessorImpl.invoke(DelegatingMethodAccessorImpl.java:43)
	at java.lang.reflect.Method.invoke(Method.java:498)
	at org.springframework.beans.factory.support.SimpleInstantiationStrategy.instantiate(SimpleInstantiationStrategy.java:154)
	... 26 common frames omitted
Caused by: org.apache.ibatis.builder.BuilderException: Error parsing Mapper XML. The XML location is 'file [D:\huawei\sms\target\classes\mapper\CourseInfosMapper.xml]'. Cause: org.apache.ibatis.builder.BuilderException: Error resolving class. Cause: org.apache.ibatis.type.TypeException: Could not resolve type alias 'com.huawei.sms.pojo.CourseInfos'.  Cause: java.lang.ClassNotFoundException: Cannot find class: com.huawei.sms.pojo.CourseInfos
	at org.apache.ibatis.builder.xml.XMLMapperBuilder.configurationElement(XMLMapperBuilder.java:123)
	at org.apache.ibatis.builder.xml.XMLMapperBuilder.parse(XMLMapperBuilder.java:95)
	at org.mybatis.spring.SqlSessionFactoryBean.buildSqlSessionFactory(SqlSessionFactoryBean.java:610)
	... 39 common frames omitted
Caused by: org.apache.ibatis.builder.BuilderException: Error resolving class. Cause: org.apache.ibatis.type.TypeException: Could not resolve type alias 'com.huawei.sms.pojo.CourseInfos'.  Cause: java.lang.ClassNotFoundException: Cannot find class: com.huawei.sms.pojo.CourseInfos
	at org.apache.ibatis.builder.BaseBuilder.resolveClass(BaseBuilder.java:118)
	at org.apache.ibatis.builder.xml.XMLMapperBuilder.resultMapElement(XMLMapperBuilder.java:263)
	at org.apache.ibatis.builder.xml.XMLMapperBuilder.resultMapElement(XMLMapperBuilder.java:254)
	at org.apache.ibatis.builder.xml.XMLMapperBuilder.resultMapElements(XMLMapperBuilder.java:246)
	at org.apache.ibatis.builder.xml.XMLMapperBuilder.configurationElement(XMLMapperBuilder.java:119)
	... 41 common frames omitted
Caused by: org.apache.ibatis.type.TypeException: Could not resolve type alias 'com.huawei.sms.pojo.CourseInfos'.  Cause: java.lang.ClassNotFoundException: Cannot find class: com.huawei.sms.pojo.CourseInfos
	at org.apache.ibatis.type.TypeAliasRegistry.resolveAlias(TypeAliasRegistry.java:120)
	at org.apache.ibatis.builder.BaseBuilder.resolveAlias(BaseBuilder.java:149)
	at org.apache.ibatis.builder.BaseBuilder.resolveClass(BaseBuilder.java:116)
	... 45 common frames omitted
Caused by: java.lang.ClassNotFoundException: Cannot find class: com.huawei.sms.pojo.CourseInfos
	at org.apache.ibatis.io.ClassLoaderWrapper.classForName(ClassLoaderWrapper.java:200)
	at org.apache.ibatis.io.ClassLoaderWrapper.classForName(ClassLoaderWrapper.java:89)
	at org.apache.ibatis.io.Resources.classForName(Resources.java:261)
	at org.apache.ibatis.type.TypeAliasRegistry.resolveAlias(TypeAliasRegistry.java:116)
	... 47 common frames omitted
2020-11-28 15:18:06.177-[restartedMain] INFO  com.huawei.sms.SmsApplication [StartupInfoLogger.java:55] - Starting SmsApplication on MicroWin10-2350 with PID 15248 (D:\huawei\sms\target\classes started by Administrator in D:\huawei\sms)
2020-11-28 15:18:06.178-[restartedMain] INFO  com.huawei.sms.SmsApplication [SpringApplication.java:651] - No active profile set, falling back to default profiles: default
2020-11-28 15:18:08.295-[restartedMain] INFO  org.springframework.boot.web.embedded.tomcat.TomcatWebServer [TomcatWebServer.java:108] - Tomcat initialized with port(s): 8080 (http)
2020-11-28 15:18:08.296-[restartedMain] INFO  org.apache.catalina.core.StandardService [DirectJDKLog.java:173] - Starting service [Tomcat]
2020-11-28 15:18:08.297-[restartedMain] INFO  org.apache.catalina.core.StandardEngine [DirectJDKLog.java:173] - Starting Servlet engine: [Apache Tomcat/9.0.36]
2020-11-28 15:18:08.353-[restartedMain] INFO  org.apache.catalina.core.ContainerBase.[Tomcat-2].[localhost].[/] [DirectJDKLog.java:173] - Initializing Spring embedded WebApplicationContext
2020-11-28 15:18:08.353-[restartedMain] INFO  org.springframework.boot.web.servlet.context.ServletWebServerApplicationContext [ServletWebServerApplicationContext.java:285] - Root WebApplicationContext: initialization completed in 2150 ms
2020-11-28 15:18:10.817-[restartedMain] INFO  springfox.documentation.spring.web.PropertySourcedRequestMappingHandlerMapping [PropertySourcedRequestMappingHandlerMapping.java:69] - Mapped URL path [/v2/api-docs] onto method [springfox.documentation.swagger2.web.Swagger2Controller#getDocumentation(String, HttpServletRequest)]
2020-11-28 15:18:10.914-[restartedMain] INFO  org.springframework.scheduling.concurrent.ThreadPoolTaskExecutor [ExecutorConfigurationSupport.java:181] - Initializing ExecutorService 'applicationTaskExecutor'
2020-11-28 15:18:10.927-[restartedMain] INFO  org.springframework.boot.devtools.autoconfigure.OptionalLiveReloadServer [OptionalLiveReloadServer.java:58] - LiveReload server is running on port 35729
2020-11-28 15:18:11.113-[restartedMain] INFO  org.springframework.boot.web.embedded.tomcat.TomcatWebServer [TomcatWebServer.java:220] - Tomcat started on port(s): 8080 (http) with context path ''
2020-11-28 15:18:11.114-[restartedMain] INFO  springfox.documentation.spring.web.plugins.DocumentationPluginsBootstrapper [DocumentationPluginsBootstrapper.java:160] - Context refreshed
2020-11-28 15:18:11.116-[restartedMain] INFO  springfox.documentation.spring.web.plugins.DocumentationPluginsBootstrapper [DocumentationPluginsBootstrapper.java:163] - Found 1 custom documentation plugin(s)
2020-11-28 15:18:11.127-[restartedMain] INFO  springfox.documentation.spring.web.scanners.ApiListingReferenceScanner [ApiListingReferenceScanner.java:41] - Scanning for api listing references
2020-11-28 15:18:11.162-[restartedMain] INFO  s.documentation.spring.web.readers.operation.CachingOperationNameGenerator [CachingOperationNameGenerator.java:40] - Generating unique operation named: studentQueryStudentInfoUsingGET_1
2020-11-28 15:18:11.188-[restartedMain] INFO  com.huawei.sms.SmsApplication [StartupInfoLogger.java:61] - Started SmsApplication in 5.107 seconds (JVM running for 315007.076)
2020-11-28 15:18:11.192-[restartedMain] INFO  o.s.boot.devtools.autoconfigure.ConditionEvaluationDeltaLoggingListener [ConditionEvaluationDeltaLoggingListener.java:63] - Condition evaluation unchanged
2020-11-28 15:18:13.311-[restartedMain] INFO  com.huawei.sms.SmsApplication [StartupInfoLogger.java:55] - Starting SmsApplication on MicroWin10-2350 with PID 14928 (D:\huawei\sms\target\classes started by Administrator in D:\huawei\sms)
2020-11-28 15:18:13.317-[restartedMain] INFO  com.huawei.sms.SmsApplication [SpringApplication.java:651] - No active profile set, falling back to default profiles: default
2020-11-28 15:18:13.497-[restartedMain] INFO  org.springframework.boot.devtools.env.DevToolsPropertyDefaultsPostProcessor [DeferredLog.java:225] - Devtools property defaults active! Set 'spring.devtools.add-properties' to 'false' to disable
2020-11-28 15:18:13.498-[restartedMain] INFO  org.springframework.boot.devtools.env.DevToolsPropertyDefaultsPostProcessor [DeferredLog.java:225] - For additional web related logging consider setting the 'logging.level.web' property to 'DEBUG'
2020-11-28 15:18:15.410-[restartedMain] INFO  org.springframework.boot.web.embedded.tomcat.TomcatWebServer [TomcatWebServer.java:108] - Tomcat initialized with port(s): 8080 (http)
2020-11-28 15:18:15.423-[restartedMain] INFO  org.apache.coyote.http11.Http11NioProtocol [DirectJDKLog.java:173] - Initializing ProtocolHandler ["http-nio-8080"]
2020-11-28 15:18:15.424-[restartedMain] INFO  org.apache.catalina.core.StandardService [DirectJDKLog.java:173] - Starting service [Tomcat]
2020-11-28 15:18:15.424-[restartedMain] INFO  org.apache.catalina.core.StandardEngine [DirectJDKLog.java:173] - Starting Servlet engine: [Apache Tomcat/9.0.36]
2020-11-28 15:18:15.547-[restartedMain] INFO  org.apache.catalina.core.ContainerBase.[Tomcat].[localhost].[/] [DirectJDKLog.java:173] - Initializing Spring embedded WebApplicationContext
2020-11-28 15:18:15.548-[restartedMain] INFO  org.springframework.boot.web.servlet.context.ServletWebServerApplicationContext [ServletWebServerApplicationContext.java:285] - Root WebApplicationContext: initialization completed in 2049 ms
2020-11-28 15:18:16.503-[restartedMain] INFO  springfox.documentation.spring.web.PropertySourcedRequestMappingHandlerMapping [PropertySourcedRequestMappingHandlerMapping.java:69] - Mapped URL path [/v2/api-docs] onto method [springfox.documentation.swagger2.web.Swagger2Controller#getDocumentation(String, HttpServletRequest)]
2020-11-28 15:18:16.642-[restartedMain] INFO  org.springframework.scheduling.concurrent.ThreadPoolTaskExecutor [ExecutorConfigurationSupport.java:181] - Initializing ExecutorService 'applicationTaskExecutor'
2020-11-28 15:18:16.682-[restartedMain] WARN  org.springframework.boot.devtools.autoconfigure.OptionalLiveReloadServer [OptionalLiveReloadServer.java:61] - Unable to start LiveReload server
2020-11-28 15:18:16.903-[restartedMain] INFO  org.apache.coyote.http11.Http11NioProtocol [DirectJDKLog.java:173] - Starting ProtocolHandler ["http-nio-8080"]
2020-11-28 15:18:16.917-[restartedMain] WARN  o.s.boot.web.servlet.context.AnnotationConfigServletWebServerApplicationContext [AbstractApplicationContext.java:559] - Exception encountered during context initialization - cancelling refresh attempt: org.springframework.context.ApplicationContextException: Failed to start bean 'webServerStartStop'; nested exception is org.springframework.boot.web.server.PortInUseException: Port 8080 is already in use
2020-11-28 15:18:16.920-[restartedMain] INFO  org.springframework.scheduling.concurrent.ThreadPoolTaskExecutor [ExecutorConfigurationSupport.java:218] - Shutting down ExecutorService 'applicationTaskExecutor'
2020-11-28 15:18:16.926-[restartedMain] INFO  org.apache.coyote.http11.Http11NioProtocol [DirectJDKLog.java:173] - Pausing ProtocolHandler ["http-nio-8080"]
2020-11-28 15:18:16.926-[restartedMain] INFO  org.apache.catalina.core.StandardService [DirectJDKLog.java:173] - Stopping service [Tomcat]
2020-11-28 15:18:16.931-[restartedMain] INFO  org.apache.coyote.http11.Http11NioProtocol [DirectJDKLog.java:173] - Stopping ProtocolHandler ["http-nio-8080"]
2020-11-28 15:18:16.931-[restartedMain] INFO  org.apache.coyote.http11.Http11NioProtocol [DirectJDKLog.java:173] - Destroying ProtocolHandler ["http-nio-8080"]
2020-11-28 15:18:16.939-[restartedMain] INFO  o.s.boot.autoconfigure.logging.ConditionEvaluationReportLoggingListener [ConditionEvaluationReportLoggingListener.java:136] - 

Error starting ApplicationContext. To display the conditions report re-run your application with 'debug' enabled.
2020-11-28 15:18:16.944-[restartedMain] ERROR org.springframework.boot.diagnostics.LoggingFailureAnalysisReporter [LoggingFailureAnalysisReporter.java:40] - 

***************************
APPLICATION FAILED TO START
***************************

Description:

Web server failed to start. Port 8080 was already in use.

Action:

Identify and stop the process that's listening on port 8080 or configure this application to listen on another port.

2020-11-28 15:19:38.474-[restartedMain] INFO  com.huawei.sms.SmsApplication [StartupInfoLogger.java:55] - Starting SmsApplication on MicroWin10-2350 with PID 14492 (D:\huawei\sms\target\classes started by Administrator in D:\huawei\sms)
2020-11-28 15:19:38.480-[restartedMain] INFO  com.huawei.sms.SmsApplication [SpringApplication.java:651] - No active profile set, falling back to default profiles: default
2020-11-28 15:19:38.711-[restartedMain] INFO  org.springframework.boot.devtools.env.DevToolsPropertyDefaultsPostProcessor [DeferredLog.java:225] - Devtools property defaults active! Set 'spring.devtools.add-properties' to 'false' to disable
2020-11-28 15:19:38.712-[restartedMain] INFO  org.springframework.boot.devtools.env.DevToolsPropertyDefaultsPostProcessor [DeferredLog.java:225] - For additional web related logging consider setting the 'logging.level.web' property to 'DEBUG'
2020-11-28 15:19:40.570-[restartedMain] INFO  org.springframework.boot.web.embedded.tomcat.TomcatWebServer [TomcatWebServer.java:108] - Tomcat initialized with port(s): 8080 (http)
2020-11-28 15:19:40.580-[restartedMain] INFO  org.apache.coyote.http11.Http11NioProtocol [DirectJDKLog.java:173] - Initializing ProtocolHandler ["http-nio-8080"]
2020-11-28 15:19:40.581-[restartedMain] INFO  org.apache.catalina.core.StandardService [DirectJDKLog.java:173] - Starting service [Tomcat]
2020-11-28 15:19:40.581-[restartedMain] INFO  org.apache.catalina.core.StandardEngine [DirectJDKLog.java:173] - Starting Servlet engine: [Apache Tomcat/9.0.36]
2020-11-28 15:19:40.687-[restartedMain] INFO  org.apache.catalina.core.ContainerBase.[Tomcat].[localhost].[/] [DirectJDKLog.java:173] - Initializing Spring embedded WebApplicationContext
2020-11-28 15:19:40.688-[restartedMain] INFO  org.springframework.boot.web.servlet.context.ServletWebServerApplicationContext [ServletWebServerApplicationContext.java:285] - Root WebApplicationContext: initialization completed in 1976 ms
2020-11-28 15:19:41.550-[restartedMain] INFO  springfox.documentation.spring.web.PropertySourcedRequestMappingHandlerMapping [PropertySourcedRequestMappingHandlerMapping.java:69] - Mapped URL path [/v2/api-docs] onto method [springfox.documentation.swagger2.web.Swagger2Controller#getDocumentation(String, HttpServletRequest)]
2020-11-28 15:19:41.671-[restartedMain] INFO  org.springframework.scheduling.concurrent.ThreadPoolTaskExecutor [ExecutorConfigurationSupport.java:181] - Initializing ExecutorService 'applicationTaskExecutor'
2020-11-28 15:19:41.713-[restartedMain] WARN  org.springframework.boot.devtools.autoconfigure.OptionalLiveReloadServer [OptionalLiveReloadServer.java:61] - Unable to start LiveReload server
2020-11-28 15:19:41.962-[restartedMain] INFO  org.apache.coyote.http11.Http11NioProtocol [DirectJDKLog.java:173] - Starting ProtocolHandler ["http-nio-8080"]
2020-11-28 15:19:41.976-[restartedMain] WARN  o.s.boot.web.servlet.context.AnnotationConfigServletWebServerApplicationContext [AbstractApplicationContext.java:559] - Exception encountered during context initialization - cancelling refresh attempt: org.springframework.context.ApplicationContextException: Failed to start bean 'webServerStartStop'; nested exception is org.springframework.boot.web.server.PortInUseException: Port 8080 is already in use
2020-11-28 15:19:41.979-[restartedMain] INFO  org.springframework.scheduling.concurrent.ThreadPoolTaskExecutor [ExecutorConfigurationSupport.java:218] - Shutting down ExecutorService 'applicationTaskExecutor'
2020-11-28 15:19:41.986-[restartedMain] INFO  org.apache.coyote.http11.Http11NioProtocol [DirectJDKLog.java:173] - Pausing ProtocolHandler ["http-nio-8080"]
2020-11-28 15:19:41.986-[restartedMain] INFO  org.apache.catalina.core.StandardService [DirectJDKLog.java:173] - Stopping service [Tomcat]
2020-11-28 15:19:41.991-[restartedMain] INFO  org.apache.coyote.http11.Http11NioProtocol [DirectJDKLog.java:173] - Stopping ProtocolHandler ["http-nio-8080"]
2020-11-28 15:19:41.992-[restartedMain] INFO  org.apache.coyote.http11.Http11NioProtocol [DirectJDKLog.java:173] - Destroying ProtocolHandler ["http-nio-8080"]
2020-11-28 15:19:42.000-[restartedMain] INFO  o.s.boot.autoconfigure.logging.ConditionEvaluationReportLoggingListener [ConditionEvaluationReportLoggingListener.java:136] - 

Error starting ApplicationContext. To display the conditions report re-run your application with 'debug' enabled.
2020-11-28 15:19:42.005-[restartedMain] ERROR org.springframework.boot.diagnostics.LoggingFailureAnalysisReporter [LoggingFailureAnalysisReporter.java:40] - 

***************************
APPLICATION FAILED TO START
***************************

Description:

Web server failed to start. Port 8080 was already in use.

Action:

Identify and stop the process that's listening on port 8080 or configure this application to listen on another port.

2020-11-28 19:08:28.290-[restartedMain] INFO  com.huawei.sms.SmsApplication [StartupInfoLogger.java:55] - Starting SmsApplication on MicroWin10-2350 with PID 15200 (D:\huawei\sms\target\classes started by Administrator in D:\huawei\sms)
2020-11-28 19:08:28.296-[restartedMain] INFO  com.huawei.sms.SmsApplication [SpringApplication.java:651] - No active profile set, falling back to default profiles: default
2020-11-28 19:08:28.448-[restartedMain] INFO  org.springframework.boot.devtools.env.DevToolsPropertyDefaultsPostProcessor [DeferredLog.java:225] - Devtools property defaults active! Set 'spring.devtools.add-properties' to 'false' to disable
2020-11-28 19:08:28.449-[restartedMain] INFO  org.springframework.boot.devtools.env.DevToolsPropertyDefaultsPostProcessor [DeferredLog.java:225] - For additional web related logging consider setting the 'logging.level.web' property to 'DEBUG'
2020-11-28 19:08:30.228-[restartedMain] INFO  org.springframework.boot.web.embedded.tomcat.TomcatWebServer [TomcatWebServer.java:108] - Tomcat initialized with port(s): 8080 (http)
2020-11-28 19:08:30.238-[restartedMain] INFO  org.apache.coyote.http11.Http11NioProtocol [DirectJDKLog.java:173] - Initializing ProtocolHandler ["http-nio-8080"]
2020-11-28 19:08:30.239-[restartedMain] INFO  org.apache.catalina.core.StandardService [DirectJDKLog.java:173] - Starting service [Tomcat]
2020-11-28 19:08:30.240-[restartedMain] INFO  org.apache.catalina.core.StandardEngine [DirectJDKLog.java:173] - Starting Servlet engine: [Apache Tomcat/9.0.36]
2020-11-28 19:08:30.347-[restartedMain] INFO  org.apache.catalina.core.ContainerBase.[Tomcat].[localhost].[/] [DirectJDKLog.java:173] - Initializing Spring embedded WebApplicationContext
2020-11-28 19:08:30.347-[restartedMain] INFO  org.springframework.boot.web.servlet.context.ServletWebServerApplicationContext [ServletWebServerApplicationContext.java:285] - Root WebApplicationContext: initialization completed in 1898 ms
2020-11-28 19:08:31.226-[restartedMain] INFO  springfox.documentation.spring.web.PropertySourcedRequestMappingHandlerMapping [PropertySourcedRequestMappingHandlerMapping.java:69] - Mapped URL path [/v2/api-docs] onto method [springfox.documentation.swagger2.web.Swagger2Controller#getDocumentation(String, HttpServletRequest)]
2020-11-28 19:08:31.345-[restartedMain] INFO  org.springframework.scheduling.concurrent.ThreadPoolTaskExecutor [ExecutorConfigurationSupport.java:181] - Initializing ExecutorService 'applicationTaskExecutor'
2020-11-28 19:08:31.379-[restartedMain] WARN  org.springframework.boot.devtools.autoconfigure.OptionalLiveReloadServer [OptionalLiveReloadServer.java:61] - Unable to start LiveReload server
2020-11-28 19:08:31.602-[restartedMain] INFO  org.apache.coyote.http11.Http11NioProtocol [DirectJDKLog.java:173] - Starting ProtocolHandler ["http-nio-8080"]
2020-11-28 19:08:31.616-[restartedMain] WARN  o.s.boot.web.servlet.context.AnnotationConfigServletWebServerApplicationContext [AbstractApplicationContext.java:559] - Exception encountered during context initialization - cancelling refresh attempt: org.springframework.context.ApplicationContextException: Failed to start bean 'webServerStartStop'; nested exception is org.springframework.boot.web.server.PortInUseException: Port 8080 is already in use
2020-11-28 19:08:31.619-[restartedMain] INFO  org.springframework.scheduling.concurrent.ThreadPoolTaskExecutor [ExecutorConfigurationSupport.java:218] - Shutting down ExecutorService 'applicationTaskExecutor'
2020-11-28 19:08:31.625-[restartedMain] INFO  org.apache.coyote.http11.Http11NioProtocol [DirectJDKLog.java:173] - Pausing ProtocolHandler ["http-nio-8080"]
2020-11-28 19:08:31.625-[restartedMain] INFO  org.apache.catalina.core.StandardService [DirectJDKLog.java:173] - Stopping service [Tomcat]
2020-11-28 19:08:31.630-[restartedMain] INFO  org.apache.coyote.http11.Http11NioProtocol [DirectJDKLog.java:173] - Stopping ProtocolHandler ["http-nio-8080"]
2020-11-28 19:08:31.630-[restartedMain] INFO  org.apache.coyote.http11.Http11NioProtocol [DirectJDKLog.java:173] - Destroying ProtocolHandler ["http-nio-8080"]
2020-11-28 19:08:31.638-[restartedMain] INFO  o.s.boot.autoconfigure.logging.ConditionEvaluationReportLoggingListener [ConditionEvaluationReportLoggingListener.java:136] - 

Error starting ApplicationContext. To display the conditions report re-run your application with 'debug' enabled.
2020-11-28 19:08:31.644-[restartedMain] ERROR org.springframework.boot.diagnostics.LoggingFailureAnalysisReporter [LoggingFailureAnalysisReporter.java:40] - 

***************************
APPLICATION FAILED TO START
***************************

Description:

Web server failed to start. Port 8080 was already in use.

Action:

Identify and stop the process that's listening on port 8080 or configure this application to listen on another port.

2020-11-28 19:09:46.067-[restartedMain] INFO  com.huawei.sms.SmsApplication [StartupInfoLogger.java:55] - Starting SmsApplication on MicroWin10-2350 with PID 5472 (D:\huawei\sms\target\classes started by Administrator in D:\huawei\sms)
2020-11-28 19:09:46.075-[restartedMain] INFO  com.huawei.sms.SmsApplication [SpringApplication.java:651] - No active profile set, falling back to default profiles: default
2020-11-28 19:09:46.272-[restartedMain] INFO  org.springframework.boot.devtools.env.DevToolsPropertyDefaultsPostProcessor [DeferredLog.java:225] - Devtools property defaults active! Set 'spring.devtools.add-properties' to 'false' to disable
2020-11-28 19:09:46.273-[restartedMain] INFO  org.springframework.boot.devtools.env.DevToolsPropertyDefaultsPostProcessor [DeferredLog.java:225] - For additional web related logging consider setting the 'logging.level.web' property to 'DEBUG'
2020-11-28 19:09:48.058-[restartedMain] INFO  org.springframework.boot.web.embedded.tomcat.TomcatWebServer [TomcatWebServer.java:108] - Tomcat initialized with port(s): 8080 (http)
2020-11-28 19:09:48.068-[restartedMain] INFO  org.apache.coyote.http11.Http11NioProtocol [DirectJDKLog.java:173] - Initializing ProtocolHandler ["http-nio-8080"]
2020-11-28 19:09:48.069-[restartedMain] INFO  org.apache.catalina.core.StandardService [DirectJDKLog.java:173] - Starting service [Tomcat]
2020-11-28 19:09:48.069-[restartedMain] INFO  org.apache.catalina.core.StandardEngine [DirectJDKLog.java:173] - Starting Servlet engine: [Apache Tomcat/9.0.36]
2020-11-28 19:09:48.163-[restartedMain] INFO  org.apache.catalina.core.ContainerBase.[Tomcat].[localhost].[/] [DirectJDKLog.java:173] - Initializing Spring embedded WebApplicationContext
2020-11-28 19:09:48.164-[restartedMain] INFO  org.springframework.boot.web.servlet.context.ServletWebServerApplicationContext [ServletWebServerApplicationContext.java:285] - Root WebApplicationContext: initialization completed in 1891 ms
2020-11-28 19:09:49.028-[restartedMain] INFO  springfox.documentation.spring.web.PropertySourcedRequestMappingHandlerMapping [PropertySourcedRequestMappingHandlerMapping.java:69] - Mapped URL path [/v2/api-docs] onto method [springfox.documentation.swagger2.web.Swagger2Controller#getDocumentation(String, HttpServletRequest)]
2020-11-28 19:09:49.141-[restartedMain] INFO  org.springframework.scheduling.concurrent.ThreadPoolTaskExecutor [ExecutorConfigurationSupport.java:181] - Initializing ExecutorService 'applicationTaskExecutor'
2020-11-28 19:09:49.171-[restartedMain] WARN  org.springframework.boot.devtools.autoconfigure.OptionalLiveReloadServer [OptionalLiveReloadServer.java:61] - Unable to start LiveReload server
2020-11-28 19:09:49.376-[restartedMain] INFO  org.apache.coyote.http11.Http11NioProtocol [DirectJDKLog.java:173] - Starting ProtocolHandler ["http-nio-8080"]
2020-11-28 19:09:49.390-[restartedMain] WARN  o.s.boot.web.servlet.context.AnnotationConfigServletWebServerApplicationContext [AbstractApplicationContext.java:559] - Exception encountered during context initialization - cancelling refresh attempt: org.springframework.context.ApplicationContextException: Failed to start bean 'webServerStartStop'; nested exception is org.springframework.boot.web.server.PortInUseException: Port 8080 is already in use
2020-11-28 19:09:49.393-[restartedMain] INFO  org.springframework.scheduling.concurrent.ThreadPoolTaskExecutor [ExecutorConfigurationSupport.java:218] - Shutting down ExecutorService 'applicationTaskExecutor'
2020-11-28 19:09:49.399-[restartedMain] INFO  org.apache.coyote.http11.Http11NioProtocol [DirectJDKLog.java:173] - Pausing ProtocolHandler ["http-nio-8080"]
2020-11-28 19:09:49.399-[restartedMain] INFO  org.apache.catalina.core.StandardService [DirectJDKLog.java:173] - Stopping service [Tomcat]
2020-11-28 19:09:49.404-[restartedMain] INFO  org.apache.coyote.http11.Http11NioProtocol [DirectJDKLog.java:173] - Stopping ProtocolHandler ["http-nio-8080"]
2020-11-28 19:09:49.404-[restartedMain] INFO  org.apache.coyote.http11.Http11NioProtocol [DirectJDKLog.java:173] - Destroying ProtocolHandler ["http-nio-8080"]
2020-11-28 19:09:49.412-[restartedMain] INFO  o.s.boot.autoconfigure.logging.ConditionEvaluationReportLoggingListener [ConditionEvaluationReportLoggingListener.java:136] - 

Error starting ApplicationContext. To display the conditions report re-run your application with 'debug' enabled.
2020-11-28 19:09:49.417-[restartedMain] ERROR org.springframework.boot.diagnostics.LoggingFailureAnalysisReporter [LoggingFailureAnalysisReporter.java:40] - 

***************************
APPLICATION FAILED TO START
***************************

Description:

Web server failed to start. Port 8080 was already in use.

Action:

Identify and stop the process that's listening on port 8080 or configure this application to listen on another port.

2020-11-28 19:10:03.539-[Thread-1008] INFO  org.springframework.scheduling.concurrent.ThreadPoolTaskExecutor [ExecutorConfigurationSupport.java:218] - Shutting down ExecutorService 'applicationTaskExecutor'
2020-11-28 19:10:03.886-[restartedMain] INFO  com.huawei.sms.SmsApplication [StartupInfoLogger.java:55] - Starting SmsApplication on MicroWin10-2350 with PID 15248 (D:\huawei\sms\target\classes started by Administrator in D:\huawei\sms)
2020-11-28 19:10:03.887-[restartedMain] INFO  com.huawei.sms.SmsApplication [SpringApplication.java:651] - No active profile set, falling back to default profiles: default
2020-11-28 19:10:05.204-[restartedMain] INFO  org.springframework.boot.web.embedded.tomcat.TomcatWebServer [TomcatWebServer.java:108] - Tomcat initialized with port(s): 8081 (http)
2020-11-28 19:10:05.206-[restartedMain] INFO  org.apache.catalina.core.StandardService [DirectJDKLog.java:173] - Starting service [Tomcat]
2020-11-28 19:10:05.206-[restartedMain] INFO  org.apache.catalina.core.StandardEngine [DirectJDKLog.java:173] - Starting Servlet engine: [Apache Tomcat/9.0.36]
2020-11-28 19:10:05.248-[restartedMain] INFO  org.apache.catalina.core.ContainerBase.[Tomcat-2].[localhost].[/] [DirectJDKLog.java:173] - Initializing Spring embedded WebApplicationContext
2020-11-28 19:10:05.249-[restartedMain] INFO  org.springframework.boot.web.servlet.context.ServletWebServerApplicationContext [ServletWebServerApplicationContext.java:285] - Root WebApplicationContext: initialization completed in 1341 ms
2020-11-28 19:10:05.943-[restartedMain] INFO  com.huawei.sms.SmsApplication [StartupInfoLogger.java:55] - Starting SmsApplication on MicroWin10-2350 with PID 5168 (D:\huawei\sms\target\classes started by Administrator in D:\huawei\sms)
2020-11-28 19:10:05.985-[restartedMain] INFO  com.huawei.sms.SmsApplication [SpringApplication.java:651] - No active profile set, falling back to default profiles: default
2020-11-28 19:10:06.196-[restartedMain] INFO  org.springframework.boot.devtools.env.DevToolsPropertyDefaultsPostProcessor [DeferredLog.java:225] - Devtools property defaults active! Set 'spring.devtools.add-properties' to 'false' to disable
2020-11-28 19:10:06.197-[restartedMain] INFO  org.springframework.boot.devtools.env.DevToolsPropertyDefaultsPostProcessor [DeferredLog.java:225] - For additional web related logging consider setting the 'logging.level.web' property to 'DEBUG'
2020-11-28 19:10:06.450-[restartedMain] INFO  springfox.documentation.spring.web.PropertySourcedRequestMappingHandlerMapping [PropertySourcedRequestMappingHandlerMapping.java:69] - Mapped URL path [/v2/api-docs] onto method [springfox.documentation.swagger2.web.Swagger2Controller#getDocumentation(String, HttpServletRequest)]
2020-11-28 19:10:06.552-[restartedMain] INFO  org.springframework.scheduling.concurrent.ThreadPoolTaskExecutor [ExecutorConfigurationSupport.java:181] - Initializing ExecutorService 'applicationTaskExecutor'
2020-11-28 19:10:06.564-[restartedMain] INFO  org.springframework.boot.devtools.autoconfigure.OptionalLiveReloadServer [OptionalLiveReloadServer.java:58] - LiveReload server is running on port 35729
2020-11-28 19:10:06.747-[restartedMain] INFO  org.springframework.boot.web.embedded.tomcat.TomcatWebServer [TomcatWebServer.java:220] - Tomcat started on port(s): 8081 (http) with context path ''
2020-11-28 19:10:06.748-[restartedMain] INFO  springfox.documentation.spring.web.plugins.DocumentationPluginsBootstrapper [DocumentationPluginsBootstrapper.java:160] - Context refreshed
2020-11-28 19:10:06.749-[restartedMain] INFO  springfox.documentation.spring.web.plugins.DocumentationPluginsBootstrapper [DocumentationPluginsBootstrapper.java:163] - Found 1 custom documentation plugin(s)
2020-11-28 19:10:06.754-[restartedMain] INFO  springfox.documentation.spring.web.scanners.ApiListingReferenceScanner [ApiListingReferenceScanner.java:41] - Scanning for api listing references
2020-11-28 19:10:06.779-[restartedMain] INFO  s.documentation.spring.web.readers.operation.CachingOperationNameGenerator [CachingOperationNameGenerator.java:40] - Generating unique operation named: studentQueryStudentInfoUsingGET_1
2020-11-28 19:10:06.794-[restartedMain] INFO  com.huawei.sms.SmsApplication [StartupInfoLogger.java:61] - Started SmsApplication in 2.982 seconds (JVM running for 328922.688)
2020-11-28 19:10:06.797-[restartedMain] INFO  o.s.boot.devtools.autoconfigure.ConditionEvaluationDeltaLoggingListener [ConditionEvaluationDeltaLoggingListener.java:63] - Condition evaluation unchanged
2020-11-28 19:10:08.106-[restartedMain] INFO  org.springframework.boot.web.embedded.tomcat.TomcatWebServer [TomcatWebServer.java:108] - Tomcat initialized with port(s): 8081 (http)
2020-11-28 19:10:08.116-[restartedMain] INFO  org.apache.coyote.http11.Http11NioProtocol [DirectJDKLog.java:173] - Initializing ProtocolHandler ["http-nio-8081"]
2020-11-28 19:10:08.117-[restartedMain] INFO  org.apache.catalina.core.StandardService [DirectJDKLog.java:173] - Starting service [Tomcat]
2020-11-28 19:10:08.117-[restartedMain] INFO  org.apache.catalina.core.StandardEngine [DirectJDKLog.java:173] - Starting Servlet engine: [Apache Tomcat/9.0.36]
2020-11-28 19:10:08.224-[restartedMain] INFO  org.apache.catalina.core.ContainerBase.[Tomcat].[localhost].[/] [DirectJDKLog.java:173] - Initializing Spring embedded WebApplicationContext
2020-11-28 19:10:08.225-[restartedMain] INFO  org.springframework.boot.web.servlet.context.ServletWebServerApplicationContext [ServletWebServerApplicationContext.java:285] - Root WebApplicationContext: initialization completed in 2026 ms
2020-11-28 19:10:09.125-[restartedMain] INFO  springfox.documentation.spring.web.PropertySourcedRequestMappingHandlerMapping [PropertySourcedRequestMappingHandlerMapping.java:69] - Mapped URL path [/v2/api-docs] onto method [springfox.documentation.swagger2.web.Swagger2Controller#getDocumentation(String, HttpServletRequest)]
2020-11-28 19:10:09.242-[restartedMain] INFO  org.springframework.scheduling.concurrent.ThreadPoolTaskExecutor [ExecutorConfigurationSupport.java:181] - Initializing ExecutorService 'applicationTaskExecutor'
2020-11-28 19:10:09.273-[restartedMain] WARN  org.springframework.boot.devtools.autoconfigure.OptionalLiveReloadServer [OptionalLiveReloadServer.java:61] - Unable to start LiveReload server
2020-11-28 19:10:09.485-[restartedMain] INFO  org.apache.coyote.http11.Http11NioProtocol [DirectJDKLog.java:173] - Starting ProtocolHandler ["http-nio-8081"]
2020-11-28 19:10:09.499-[restartedMain] WARN  o.s.boot.web.servlet.context.AnnotationConfigServletWebServerApplicationContext [AbstractApplicationContext.java:559] - Exception encountered during context initialization - cancelling refresh attempt: org.springframework.context.ApplicationContextException: Failed to start bean 'webServerStartStop'; nested exception is org.springframework.boot.web.server.PortInUseException: Port 8081 is already in use
2020-11-28 19:10:09.503-[restartedMain] INFO  org.springframework.scheduling.concurrent.ThreadPoolTaskExecutor [ExecutorConfigurationSupport.java:218] - Shutting down ExecutorService 'applicationTaskExecutor'
2020-11-28 19:10:09.509-[restartedMain] INFO  org.apache.coyote.http11.Http11NioProtocol [DirectJDKLog.java:173] - Pausing ProtocolHandler ["http-nio-8081"]
2020-11-28 19:10:09.510-[restartedMain] INFO  org.apache.catalina.core.StandardService [DirectJDKLog.java:173] - Stopping service [Tomcat]
2020-11-28 19:10:09.514-[restartedMain] INFO  org.apache.coyote.http11.Http11NioProtocol [DirectJDKLog.java:173] - Stopping ProtocolHandler ["http-nio-8081"]
2020-11-28 19:10:09.515-[restartedMain] INFO  org.apache.coyote.http11.Http11NioProtocol [DirectJDKLog.java:173] - Destroying ProtocolHandler ["http-nio-8081"]
2020-11-28 19:10:09.524-[restartedMain] INFO  o.s.boot.autoconfigure.logging.ConditionEvaluationReportLoggingListener [ConditionEvaluationReportLoggingListener.java:136] - 

Error starting ApplicationContext. To display the conditions report re-run your application with 'debug' enabled.
2020-11-28 19:10:09.529-[restartedMain] ERROR org.springframework.boot.diagnostics.LoggingFailureAnalysisReporter [LoggingFailureAnalysisReporter.java:40] - 

***************************
APPLICATION FAILED TO START
***************************

Description:

Web server failed to start. Port 8081 was already in use.

Action:

Identify and stop the process that's listening on port 8081 or configure this application to listen on another port.

2020-11-28 19:13:34.858-[restartedMain] INFO  com.huawei.sms.SmsApplication [StartupInfoLogger.java:55] - Starting SmsApplication on MicroWin10-2350 with PID 11732 (D:\huawei\sms\target\classes started by Administrator in D:\huawei\sms)
2020-11-28 19:13:34.864-[restartedMain] INFO  com.huawei.sms.SmsApplication [SpringApplication.java:651] - No active profile set, falling back to default profiles: default
2020-11-28 19:13:35.070-[restartedMain] INFO  org.springframework.boot.devtools.env.DevToolsPropertyDefaultsPostProcessor [DeferredLog.java:225] - Devtools property defaults active! Set 'spring.devtools.add-properties' to 'false' to disable
2020-11-28 19:13:35.071-[restartedMain] INFO  org.springframework.boot.devtools.env.DevToolsPropertyDefaultsPostProcessor [DeferredLog.java:225] - For additional web related logging consider setting the 'logging.level.web' property to 'DEBUG'
2020-11-28 19:13:37.360-[restartedMain] INFO  org.springframework.boot.web.embedded.tomcat.TomcatWebServer [TomcatWebServer.java:108] - Tomcat initialized with port(s): 8081 (http)
2020-11-28 19:13:37.374-[restartedMain] INFO  org.apache.coyote.http11.Http11NioProtocol [DirectJDKLog.java:173] - Initializing ProtocolHandler ["http-nio-8081"]
2020-11-28 19:13:37.375-[restartedMain] INFO  org.apache.catalina.core.StandardService [DirectJDKLog.java:173] - Starting service [Tomcat]
2020-11-28 19:13:37.375-[restartedMain] INFO  org.apache.catalina.core.StandardEngine [DirectJDKLog.java:173] - Starting Servlet engine: [Apache Tomcat/9.0.36]
2020-11-28 19:13:37.489-[restartedMain] INFO  org.apache.catalina.core.ContainerBase.[Tomcat].[localhost].[/] [DirectJDKLog.java:173] - Initializing Spring embedded WebApplicationContext
2020-11-28 19:13:37.490-[restartedMain] INFO  org.springframework.boot.web.servlet.context.ServletWebServerApplicationContext [ServletWebServerApplicationContext.java:285] - Root WebApplicationContext: initialization completed in 2418 ms
2020-11-28 19:13:38.620-[restartedMain] INFO  springfox.documentation.spring.web.PropertySourcedRequestMappingHandlerMapping [PropertySourcedRequestMappingHandlerMapping.java:69] - Mapped URL path [/v2/api-docs] onto method [springfox.documentation.swagger2.web.Swagger2Controller#getDocumentation(String, HttpServletRequest)]
2020-11-28 19:13:38.772-[restartedMain] INFO  org.springframework.scheduling.concurrent.ThreadPoolTaskExecutor [ExecutorConfigurationSupport.java:181] - Initializing ExecutorService 'applicationTaskExecutor'
2020-11-28 19:13:38.817-[restartedMain] INFO  org.springframework.boot.devtools.autoconfigure.OptionalLiveReloadServer [OptionalLiveReloadServer.java:58] - LiveReload server is running on port 35729
2020-11-28 19:13:39.088-[restartedMain] INFO  org.apache.coyote.http11.Http11NioProtocol [DirectJDKLog.java:173] - Starting ProtocolHandler ["http-nio-8081"]
2020-11-28 19:13:39.116-[restartedMain] INFO  org.springframework.boot.web.embedded.tomcat.TomcatWebServer [TomcatWebServer.java:220] - Tomcat started on port(s): 8081 (http) with context path ''
2020-11-28 19:13:39.119-[restartedMain] INFO  springfox.documentation.spring.web.plugins.DocumentationPluginsBootstrapper [DocumentationPluginsBootstrapper.java:160] - Context refreshed
2020-11-28 19:13:39.153-[restartedMain] INFO  springfox.documentation.spring.web.plugins.DocumentationPluginsBootstrapper [DocumentationPluginsBootstrapper.java:163] - Found 1 custom documentation plugin(s)
2020-11-28 19:13:39.189-[restartedMain] INFO  springfox.documentation.spring.web.scanners.ApiListingReferenceScanner [ApiListingReferenceScanner.java:41] - Scanning for api listing references
2020-11-28 19:13:39.401-[restartedMain] INFO  s.documentation.spring.web.readers.operation.CachingOperationNameGenerator [CachingOperationNameGenerator.java:40] - Generating unique operation named: studentQueryStudentInfoUsingGET_1
2020-11-28 19:13:39.450-[restartedMain] INFO  com.huawei.sms.SmsApplication [StartupInfoLogger.java:61] - Started SmsApplication in 6.518 seconds (JVM running for 9.64)
2020-11-28 19:14:01.386-[http-nio-8081-exec-1] INFO  org.apache.catalina.core.ContainerBase.[Tomcat].[localhost].[/] [DirectJDKLog.java:173] - Initializing Spring DispatcherServlet 'dispatcherServlet'
2020-11-28 19:14:01.387-[http-nio-8081-exec-1] INFO  org.springframework.web.servlet.DispatcherServlet [FrameworkServlet.java:525] - Initializing Servlet 'dispatcherServlet'
2020-11-28 19:14:01.402-[http-nio-8081-exec-1] INFO  org.springframework.web.servlet.DispatcherServlet [FrameworkServlet.java:547] - Completed initialization in 15 ms
2020-11-28 19:14:21.557-[http-nio-8081-exec-10] INFO  com.huawei.sms.utils.LogUtil [LogUtil.java:16] - TeacherControllerteacherQueryStuCourseInfo1
2020-11-28 19:14:21.601-[http-nio-8081-exec-10] WARN  com.zaxxer.hikari.HikariConfig [HikariConfig.java:1047] - HikariPool-1 - idleTimeout is close to or more than maxLifetime, disabling it.
2020-11-28 19:14:21.602-[http-nio-8081-exec-10] INFO  com.zaxxer.hikari.HikariDataSource [HikariDataSource.java:110] - HikariPool-1 - Starting...
2020-11-28 19:14:22.405-[http-nio-8081-exec-10] INFO  com.zaxxer.hikari.HikariDataSource [HikariDataSource.java:123] - HikariPool-1 - Start completed.
2020-11-28 19:15:10.050-[http-nio-8081-exec-8] INFO  com.huawei.sms.utils.LogUtil [LogUtil.java:16] - TeacherControllerteacherQueryStudentInfo1
2020-11-28 19:15:14.858-[http-nio-8081-exec-5] INFO  com.huawei.sms.utils.LogUtil [LogUtil.java:16] - TeacherControllerteacherQueryStudentInfo2
2020-11-28 19:16:18.796-[restartedMain] INFO  com.huawei.sms.SmsApplication [StartupInfoLogger.java:55] - Starting SmsApplication on MicroWin10-2350 with PID 7156 (D:\huawei\sms\target\classes started by Administrator in D:\huawei\sms)
2020-11-28 19:16:18.802-[restartedMain] INFO  com.huawei.sms.SmsApplication [SpringApplication.java:651] - No active profile set, falling back to default profiles: default
2020-11-28 19:16:18.966-[restartedMain] INFO  org.springframework.boot.devtools.env.DevToolsPropertyDefaultsPostProcessor [DeferredLog.java:225] - Devtools property defaults active! Set 'spring.devtools.add-properties' to 'false' to disable
2020-11-28 19:16:18.967-[restartedMain] INFO  org.springframework.boot.devtools.env.DevToolsPropertyDefaultsPostProcessor [DeferredLog.java:225] - For additional web related logging consider setting the 'logging.level.web' property to 'DEBUG'
2020-11-28 19:16:22.256-[restartedMain] INFO  org.springframework.boot.web.embedded.tomcat.TomcatWebServer [TomcatWebServer.java:108] - Tomcat initialized with port(s): 8081 (http)
2020-11-28 19:16:22.276-[restartedMain] INFO  org.apache.coyote.http11.Http11NioProtocol [DirectJDKLog.java:173] - Initializing ProtocolHandler ["http-nio-8081"]
2020-11-28 19:16:22.277-[restartedMain] INFO  org.apache.catalina.core.StandardService [DirectJDKLog.java:173] - Starting service [Tomcat]
2020-11-28 19:16:22.278-[restartedMain] INFO  org.apache.catalina.core.StandardEngine [DirectJDKLog.java:173] - Starting Servlet engine: [Apache Tomcat/9.0.36]
2020-11-28 19:16:22.477-[restartedMain] INFO  org.apache.catalina.core.ContainerBase.[Tomcat].[localhost].[/] [DirectJDKLog.java:173] - Initializing Spring embedded WebApplicationContext
2020-11-28 19:16:22.478-[restartedMain] INFO  org.springframework.boot.web.servlet.context.ServletWebServerApplicationContext [ServletWebServerApplicationContext.java:285] - Root WebApplicationContext: initialization completed in 3511 ms
2020-11-28 19:16:23.912-[restartedMain] INFO  springfox.documentation.spring.web.PropertySourcedRequestMappingHandlerMapping [PropertySourcedRequestMappingHandlerMapping.java:69] - Mapped URL path [/v2/api-docs] onto method [springfox.documentation.swagger2.web.Swagger2Controller#getDocumentation(String, HttpServletRequest)]
2020-11-28 19:16:24.069-[restartedMain] INFO  org.springframework.scheduling.concurrent.ThreadPoolTaskExecutor [ExecutorConfigurationSupport.java:181] - Initializing ExecutorService 'applicationTaskExecutor'
2020-11-28 19:16:24.110-[restartedMain] INFO  org.springframework.boot.devtools.autoconfigure.OptionalLiveReloadServer [OptionalLiveReloadServer.java:58] - LiveReload server is running on port 35729
2020-11-28 19:16:24.483-[restartedMain] INFO  org.apache.coyote.http11.Http11NioProtocol [DirectJDKLog.java:173] - Starting ProtocolHandler ["http-nio-8081"]
2020-11-28 19:16:24.518-[restartedMain] INFO  org.springframework.boot.web.embedded.tomcat.TomcatWebServer [TomcatWebServer.java:220] - Tomcat started on port(s): 8081 (http) with context path ''
2020-11-28 19:16:24.520-[restartedMain] INFO  springfox.documentation.spring.web.plugins.DocumentationPluginsBootstrapper [DocumentationPluginsBootstrapper.java:160] - Context refreshed
2020-11-28 19:16:24.542-[restartedMain] INFO  springfox.documentation.spring.web.plugins.DocumentationPluginsBootstrapper [DocumentationPluginsBootstrapper.java:163] - Found 1 custom documentation plugin(s)
2020-11-28 19:16:24.586-[restartedMain] INFO  springfox.documentation.spring.web.scanners.ApiListingReferenceScanner [ApiListingReferenceScanner.java:41] - Scanning for api listing references
2020-11-28 19:16:24.789-[restartedMain] INFO  s.documentation.spring.web.readers.operation.CachingOperationNameGenerator [CachingOperationNameGenerator.java:40] - Generating unique operation named: studentQueryStudentInfoUsingGET_1
2020-11-28 19:16:24.848-[restartedMain] INFO  com.huawei.sms.SmsApplication [StartupInfoLogger.java:61] - Started SmsApplication in 7.082 seconds (JVM running for 9.314)
2020-11-28 19:16:28.516-[http-nio-8081-exec-1] INFO  org.apache.catalina.core.ContainerBase.[Tomcat].[localhost].[/] [DirectJDKLog.java:173] - Initializing Spring DispatcherServlet 'dispatcherServlet'
2020-11-28 19:16:28.517-[http-nio-8081-exec-1] INFO  org.springframework.web.servlet.DispatcherServlet [FrameworkServlet.java:525] - Initializing Servlet 'dispatcherServlet'
2020-11-28 19:16:28.531-[http-nio-8081-exec-1] INFO  org.springframework.web.servlet.DispatcherServlet [FrameworkServlet.java:547] - Completed initialization in 13 ms
2020-11-28 19:16:37.840-[http-nio-8081-exec-10] INFO  com.huawei.sms.utils.LogUtil [LogUtil.java:16] - TeacherControllerteacherQueryStuCourseInfo1
2020-11-28 19:16:37.875-[http-nio-8081-exec-10] WARN  com.zaxxer.hikari.HikariConfig [HikariConfig.java:1047] - HikariPool-1 - idleTimeout is close to or more than maxLifetime, disabling it.
2020-11-28 19:16:37.876-[http-nio-8081-exec-10] INFO  com.zaxxer.hikari.HikariDataSource [HikariDataSource.java:110] - HikariPool-1 - Starting...
2020-11-28 19:16:38.422-[http-nio-8081-exec-10] INFO  com.zaxxer.hikari.HikariDataSource [HikariDataSource.java:123] - HikariPool-1 - Start completed.
2020-11-28 19:17:41.713-[http-nio-8081-exec-5] INFO  com.huawei.sms.utils.LogUtil [LogUtil.java:16] - TeacherControllerteacherQueryStuCourseInfo1
2020-11-28 19:17:55.725-[restartedMain] INFO  com.huawei.sms.SmsApplication [StartupInfoLogger.java:55] - Starting SmsApplication on MicroWin10-2350 with PID 14244 (D:\huawei\sms\target\classes started by Administrator in D:\huawei\sms)
2020-11-28 19:17:55.730-[restartedMain] INFO  com.huawei.sms.SmsApplication [SpringApplication.java:651] - No active profile set, falling back to default profiles: default
2020-11-28 19:17:55.892-[restartedMain] INFO  org.springframework.boot.devtools.env.DevToolsPropertyDefaultsPostProcessor [DeferredLog.java:225] - Devtools property defaults active! Set 'spring.devtools.add-properties' to 'false' to disable
2020-11-28 19:17:55.893-[restartedMain] INFO  org.springframework.boot.devtools.env.DevToolsPropertyDefaultsPostProcessor [DeferredLog.java:225] - For additional web related logging consider setting the 'logging.level.web' property to 'DEBUG'
2020-11-28 19:17:58.292-[restartedMain] INFO  org.springframework.boot.web.embedded.tomcat.TomcatWebServer [TomcatWebServer.java:108] - Tomcat initialized with port(s): 8081 (http)
2020-11-28 19:17:58.306-[restartedMain] INFO  org.apache.coyote.http11.Http11NioProtocol [DirectJDKLog.java:173] - Initializing ProtocolHandler ["http-nio-8081"]
2020-11-28 19:17:58.307-[restartedMain] INFO  org.apache.catalina.core.StandardService [DirectJDKLog.java:173] - Starting service [Tomcat]
2020-11-28 19:17:58.308-[restartedMain] INFO  org.apache.catalina.core.StandardEngine [DirectJDKLog.java:173] - Starting Servlet engine: [Apache Tomcat/9.0.36]
2020-11-28 19:17:58.464-[restartedMain] INFO  org.apache.catalina.core.ContainerBase.[Tomcat].[localhost].[/] [DirectJDKLog.java:173] - Initializing Spring embedded WebApplicationContext
2020-11-28 19:17:58.465-[restartedMain] INFO  org.springframework.boot.web.servlet.context.ServletWebServerApplicationContext [ServletWebServerApplicationContext.java:285] - Root WebApplicationContext: initialization completed in 2572 ms
2020-11-28 19:18:00.019-[restartedMain] INFO  springfox.documentation.spring.web.PropertySourcedRequestMappingHandlerMapping [PropertySourcedRequestMappingHandlerMapping.java:69] - Mapped URL path [/v2/api-docs] onto method [springfox.documentation.swagger2.web.Swagger2Controller#getDocumentation(String, HttpServletRequest)]
2020-11-28 19:18:00.171-[restartedMain] INFO  org.springframework.scheduling.concurrent.ThreadPoolTaskExecutor [ExecutorConfigurationSupport.java:181] - Initializing ExecutorService 'applicationTaskExecutor'
2020-11-28 19:18:00.213-[restartedMain] INFO  org.springframework.boot.devtools.autoconfigure.OptionalLiveReloadServer [OptionalLiveReloadServer.java:58] - LiveReload server is running on port 35729
2020-11-28 19:18:00.518-[restartedMain] INFO  org.apache.coyote.http11.Http11NioProtocol [DirectJDKLog.java:173] - Starting ProtocolHandler ["http-nio-8081"]
2020-11-28 19:18:00.562-[restartedMain] INFO  org.springframework.boot.web.embedded.tomcat.TomcatWebServer [TomcatWebServer.java:220] - Tomcat started on port(s): 8081 (http) with context path ''
2020-11-28 19:18:00.564-[restartedMain] INFO  springfox.documentation.spring.web.plugins.DocumentationPluginsBootstrapper [DocumentationPluginsBootstrapper.java:160] - Context refreshed
2020-11-28 19:18:00.588-[restartedMain] INFO  springfox.documentation.spring.web.plugins.DocumentationPluginsBootstrapper [DocumentationPluginsBootstrapper.java:163] - Found 1 custom documentation plugin(s)
2020-11-28 19:18:00.636-[restartedMain] INFO  springfox.documentation.spring.web.scanners.ApiListingReferenceScanner [ApiListingReferenceScanner.java:41] - Scanning for api listing references
2020-11-28 19:18:00.837-[restartedMain] INFO  s.documentation.spring.web.readers.operation.CachingOperationNameGenerator [CachingOperationNameGenerator.java:40] - Generating unique operation named: studentQueryStudentInfoUsingGET_1
2020-11-28 19:18:00.884-[restartedMain] INFO  com.huawei.sms.SmsApplication [StartupInfoLogger.java:61] - Started SmsApplication in 6.28 seconds (JVM running for 9.832)
2020-11-28 19:18:03.809-[http-nio-8081-exec-1] INFO  org.apache.catalina.core.ContainerBase.[Tomcat].[localhost].[/] [DirectJDKLog.java:173] - Initializing Spring DispatcherServlet 'dispatcherServlet'
2020-11-28 19:18:03.810-[http-nio-8081-exec-1] INFO  org.springframework.web.servlet.DispatcherServlet [FrameworkServlet.java:525] - Initializing Servlet 'dispatcherServlet'
2020-11-28 19:18:03.824-[http-nio-8081-exec-1] INFO  org.springframework.web.servlet.DispatcherServlet [FrameworkServlet.java:547] - Completed initialization in 14 ms
2020-11-28 19:18:03.892-[http-nio-8081-exec-1] INFO  com.huawei.sms.utils.LogUtil [LogUtil.java:16] - TeacherControllerteacherQueryStuCourseInfo1
2020-11-28 19:18:07.782-[http-nio-8081-exec-1] WARN  com.zaxxer.hikari.HikariConfig [HikariConfig.java:1047] - HikariPool-1 - idleTimeout is close to or more than maxLifetime, disabling it.
2020-11-28 19:18:07.784-[http-nio-8081-exec-1] INFO  com.zaxxer.hikari.HikariDataSource [HikariDataSource.java:110] - HikariPool-1 - Starting...
2020-11-28 19:18:14.489-[http-nio-8081-exec-1] INFO  com.zaxxer.hikari.HikariDataSource [HikariDataSource.java:123] - HikariPool-1 - Start completed.
2020-11-28 19:19:02.068-[HikariPool-1 housekeeper] WARN  com.zaxxer.hikari.pool.HikariPool [HikariPool.java:787] - HikariPool-1 - Thread starvation or clock leap detected (housekeeper delta=47s479ms46s400ns).
2020-11-28 19:19:16.682-[restartedMain] INFO  com.huawei.sms.SmsApplication [StartupInfoLogger.java:55] - Starting SmsApplication on MicroWin10-2350 with PID 13396 (D:\huawei\sms\target\classes started by Administrator in D:\huawei\sms)
2020-11-28 19:19:16.687-[restartedMain] INFO  com.huawei.sms.SmsApplication [SpringApplication.java:651] - No active profile set, falling back to default profiles: default
2020-11-28 19:19:16.833-[restartedMain] INFO  org.springframework.boot.devtools.env.DevToolsPropertyDefaultsPostProcessor [DeferredLog.java:225] - Devtools property defaults active! Set 'spring.devtools.add-properties' to 'false' to disable
2020-11-28 19:19:16.833-[restartedMain] INFO  org.springframework.boot.devtools.env.DevToolsPropertyDefaultsPostProcessor [DeferredLog.java:225] - For additional web related logging consider setting the 'logging.level.web' property to 'DEBUG'
2020-11-28 19:19:18.757-[restartedMain] INFO  org.springframework.boot.web.embedded.tomcat.TomcatWebServer [TomcatWebServer.java:108] - Tomcat initialized with port(s): 8081 (http)
2020-11-28 19:19:18.768-[restartedMain] INFO  org.apache.coyote.http11.Http11NioProtocol [DirectJDKLog.java:173] - Initializing ProtocolHandler ["http-nio-8081"]
2020-11-28 19:19:18.769-[restartedMain] INFO  org.apache.catalina.core.StandardService [DirectJDKLog.java:173] - Starting service [Tomcat]
2020-11-28 19:19:18.770-[restartedMain] INFO  org.apache.catalina.core.StandardEngine [DirectJDKLog.java:173] - Starting Servlet engine: [Apache Tomcat/9.0.36]
2020-11-28 19:19:18.883-[restartedMain] INFO  org.apache.catalina.core.ContainerBase.[Tomcat].[localhost].[/] [DirectJDKLog.java:173] - Initializing Spring embedded WebApplicationContext
2020-11-28 19:19:18.883-[restartedMain] INFO  org.springframework.boot.web.servlet.context.ServletWebServerApplicationContext [ServletWebServerApplicationContext.java:285] - Root WebApplicationContext: initialization completed in 2049 ms
2020-11-28 19:19:19.751-[restartedMain] INFO  springfox.documentation.spring.web.PropertySourcedRequestMappingHandlerMapping [PropertySourcedRequestMappingHandlerMapping.java:69] - Mapped URL path [/v2/api-docs] onto method [springfox.documentation.swagger2.web.Swagger2Controller#getDocumentation(String, HttpServletRequest)]
2020-11-28 19:19:19.882-[restartedMain] INFO  org.springframework.scheduling.concurrent.ThreadPoolTaskExecutor [ExecutorConfigurationSupport.java:181] - Initializing ExecutorService 'applicationTaskExecutor'
2020-11-28 19:19:19.915-[restartedMain] INFO  org.springframework.boot.devtools.autoconfigure.OptionalLiveReloadServer [OptionalLiveReloadServer.java:58] - LiveReload server is running on port 35729
2020-11-28 19:19:20.127-[restartedMain] INFO  org.apache.coyote.http11.Http11NioProtocol [DirectJDKLog.java:173] - Starting ProtocolHandler ["http-nio-8081"]
2020-11-28 19:19:20.153-[restartedMain] INFO  org.springframework.boot.web.embedded.tomcat.TomcatWebServer [TomcatWebServer.java:220] - Tomcat started on port(s): 8081 (http) with context path ''
2020-11-28 19:19:20.155-[restartedMain] INFO  springfox.documentation.spring.web.plugins.DocumentationPluginsBootstrapper [DocumentationPluginsBootstrapper.java:160] - Context refreshed
2020-11-28 19:19:20.172-[restartedMain] INFO  springfox.documentation.spring.web.plugins.DocumentationPluginsBootstrapper [DocumentationPluginsBootstrapper.java:163] - Found 1 custom documentation plugin(s)
2020-11-28 19:19:20.204-[restartedMain] INFO  springfox.documentation.spring.web.scanners.ApiListingReferenceScanner [ApiListingReferenceScanner.java:41] - Scanning for api listing references
2020-11-28 19:19:20.372-[restartedMain] INFO  s.documentation.spring.web.readers.operation.CachingOperationNameGenerator [CachingOperationNameGenerator.java:40] - Generating unique operation named: studentQueryStudentInfoUsingGET_1
2020-11-28 19:19:20.419-[restartedMain] INFO  com.huawei.sms.SmsApplication [StartupInfoLogger.java:61] - Started SmsApplication in 4.516 seconds (JVM running for 7.172)
2020-11-28 19:19:26.293-[http-nio-8081-exec-1] INFO  org.apache.catalina.core.ContainerBase.[Tomcat].[localhost].[/] [DirectJDKLog.java:173] - Initializing Spring DispatcherServlet 'dispatcherServlet'
2020-11-28 19:19:26.294-[http-nio-8081-exec-1] INFO  org.springframework.web.servlet.DispatcherServlet [FrameworkServlet.java:525] - Initializing Servlet 'dispatcherServlet'
2020-11-28 19:19:26.307-[http-nio-8081-exec-1] INFO  org.springframework.web.servlet.DispatcherServlet [FrameworkServlet.java:547] - Completed initialization in 13 ms
2020-11-28 19:19:26.345-[http-nio-8081-exec-1] INFO  com.huawei.sms.utils.LogUtil [LogUtil.java:16] - TeacherControllerteacherQueryStuCourseInfo2
2020-11-28 19:19:26.370-[http-nio-8081-exec-1] WARN  com.zaxxer.hikari.HikariConfig [HikariConfig.java:1047] - HikariPool-1 - idleTimeout is close to or more than maxLifetime, disabling it.
2020-11-28 19:19:26.371-[http-nio-8081-exec-1] INFO  com.zaxxer.hikari.HikariDataSource [HikariDataSource.java:110] - HikariPool-1 - Starting...
2020-11-28 19:19:26.780-[http-nio-8081-exec-1] INFO  com.zaxxer.hikari.HikariDataSource [HikariDataSource.java:123] - HikariPool-1 - Start completed.
