2020-11-21 15:52:43.281-[restartedMain] INFO  com.huawei.sms.SmsApplication [StartupInfoLogger.java:55] - Starting SmsApplication on MicroWin10-2350 with PID 6268 (D:\huawei\sms\target\classes started by Administrator in D:\huawei\sms)
2020-11-21 15:52:43.287-[restartedMain] INFO  com.huawei.sms.SmsApplication [SpringApplication.java:651] - No active profile set, falling back to default profiles: default
2020-11-21 15:52:43.353-[restartedMain] INFO  org.springframework.boot.devtools.env.DevToolsPropertyDefaultsPostProcessor [DeferredLog.java:225] - Devtools property defaults active! Set 'spring.devtools.add-properties' to 'false' to disable
2020-11-21 15:52:43.354-[restartedMain] INFO  org.springframework.boot.devtools.env.DevToolsPropertyDefaultsPostProcessor [DeferredLog.java:225] - For additional web related logging consider setting the 'logging.level.web' property to 'DEBUG'
2020-11-21 15:52:44.634-[restartedMain] WARN  org.mybatis.spring.mapper.ClassPathMapperScanner [Logger.java:44] - No MyBatis mapper was found in '[com.huawei.sms]' package. Please check your configuration.
2020-11-21 15:52:45.526-[restartedMain] INFO  org.springframework.boot.web.embedded.tomcat.TomcatWebServer [TomcatWebServer.java:108] - Tomcat initialized with port(s): 8080 (http)
2020-11-21 15:52:45.581-[restartedMain] INFO  org.apache.coyote.http11.Http11NioProtocol [DirectJDKLog.java:173] - Initializing ProtocolHandler ["http-nio-8080"]
2020-11-21 15:52:45.585-[restartedMain] INFO  org.apache.catalina.core.StandardService [DirectJDKLog.java:173] - Starting service [Tomcat]
2020-11-21 15:52:45.594-[restartedMain] INFO  org.apache.catalina.core.StandardEngine [DirectJDKLog.java:173] - Starting Servlet engine: [Apache Tomcat/9.0.36]
2020-11-21 15:52:46.124-[restartedMain] INFO  org.apache.catalina.core.ContainerBase.[Tomcat].[localhost].[/] [DirectJDKLog.java:173] - Initializing Spring embedded WebApplicationContext
2020-11-21 15:52:46.125-[restartedMain] INFO  org.springframework.boot.web.servlet.context.ServletWebServerApplicationContext [ServletWebServerApplicationContext.java:285] - Root WebApplicationContext: initialization completed in 2771 ms
2020-11-21 15:52:46.734-[restartedMain] INFO  org.springframework.scheduling.concurrent.ThreadPoolTaskExecutor [ExecutorConfigurationSupport.java:181] - Initializing ExecutorService 'applicationTaskExecutor'
2020-11-21 15:52:47.362-[restartedMain] INFO  org.springframework.boot.devtools.autoconfigure.OptionalLiveReloadServer [OptionalLiveReloadServer.java:58] - LiveReload server is running on port 35729
2020-11-21 15:52:47.380-[restartedMain] INFO  org.apache.coyote.http11.Http11NioProtocol [DirectJDKLog.java:173] - Starting ProtocolHandler ["http-nio-8080"]
2020-11-21 15:52:47.413-[restartedMain] INFO  org.springframework.boot.web.embedded.tomcat.TomcatWebServer [TomcatWebServer.java:220] - Tomcat started on port(s): 8080 (http) with context path ''
2020-11-21 15:52:47.429-[restartedMain] INFO  com.huawei.sms.SmsApplication [StartupInfoLogger.java:61] - Started SmsApplication in 4.942 seconds (JVM running for 7.349)
2020-11-21 17:17:44.130-[restartedMain] INFO  com.huawei.sms.SmsApplication [StartupInfoLogger.java:55] - Starting SmsApplication on MicroWin10-2350 with PID 6280 (D:\huawei\sms\target\classes started by Administrator in D:\huawei\sms)
2020-11-21 17:17:44.133-[restartedMain] INFO  com.huawei.sms.SmsApplication [SpringApplication.java:651] - No active profile set, falling back to default profiles: default
2020-11-21 17:17:44.193-[restartedMain] INFO  org.springframework.boot.devtools.env.DevToolsPropertyDefaultsPostProcessor [DeferredLog.java:225] - Devtools property defaults active! Set 'spring.devtools.add-properties' to 'false' to disable
2020-11-21 17:17:44.194-[restartedMain] INFO  org.springframework.boot.devtools.env.DevToolsPropertyDefaultsPostProcessor [DeferredLog.java:225] - For additional web related logging consider setting the 'logging.level.web' property to 'DEBUG'
2020-11-21 17:17:46.284-[restartedMain] INFO  org.springframework.boot.web.embedded.tomcat.TomcatWebServer [TomcatWebServer.java:108] - Tomcat initialized with port(s): 8080 (http)
2020-11-21 17:17:46.299-[restartedMain] INFO  org.apache.coyote.http11.Http11NioProtocol [DirectJDKLog.java:173] - Initializing ProtocolHandler ["http-nio-8080"]
2020-11-21 17:17:46.300-[restartedMain] INFO  org.apache.catalina.core.StandardService [DirectJDKLog.java:173] - Starting service [Tomcat]
2020-11-21 17:17:46.300-[restartedMain] INFO  org.apache.catalina.core.StandardEngine [DirectJDKLog.java:173] - Starting Servlet engine: [Apache Tomcat/9.0.36]
2020-11-21 17:17:46.412-[restartedMain] INFO  org.apache.catalina.core.ContainerBase.[Tomcat].[localhost].[/] [DirectJDKLog.java:173] - Initializing Spring embedded WebApplicationContext
2020-11-21 17:17:46.413-[restartedMain] INFO  org.springframework.boot.web.servlet.context.ServletWebServerApplicationContext [ServletWebServerApplicationContext.java:285] - Root WebApplicationContext: initialization completed in 2219 ms
2020-11-21 17:17:46.927-[restartedMain] INFO  springfox.documentation.spring.web.PropertySourcedRequestMappingHandlerMapping [PropertySourcedRequestMappingHandlerMapping.java:69] - Mapped URL path [/v2/api-docs] onto method [springfox.documentation.swagger2.web.Swagger2Controller#getDocumentation(String, HttpServletRequest)]
2020-11-21 17:17:47.062-[restartedMain] INFO  org.springframework.scheduling.concurrent.ThreadPoolTaskExecutor [ExecutorConfigurationSupport.java:181] - Initializing ExecutorService 'applicationTaskExecutor'
2020-11-21 17:17:47.108-[restartedMain] INFO  org.springframework.boot.devtools.autoconfigure.OptionalLiveReloadServer [OptionalLiveReloadServer.java:58] - LiveReload server is running on port 35729
2020-11-21 17:17:47.880-[restartedMain] INFO  org.apache.coyote.http11.Http11NioProtocol [DirectJDKLog.java:173] - Starting ProtocolHandler ["http-nio-8080"]
2020-11-21 17:17:47.914-[restartedMain] INFO  org.springframework.boot.web.embedded.tomcat.TomcatWebServer [TomcatWebServer.java:220] - Tomcat started on port(s): 8080 (http) with context path ''
2020-11-21 17:17:47.916-[restartedMain] INFO  springfox.documentation.spring.web.plugins.DocumentationPluginsBootstrapper [DocumentationPluginsBootstrapper.java:160] - Context refreshed
2020-11-21 17:17:47.943-[restartedMain] INFO  springfox.documentation.spring.web.plugins.DocumentationPluginsBootstrapper [DocumentationPluginsBootstrapper.java:163] - Found 1 custom documentation plugin(s)
2020-11-21 17:17:47.977-[restartedMain] INFO  springfox.documentation.spring.web.scanners.ApiListingReferenceScanner [ApiListingReferenceScanner.java:41] - Scanning for api listing references
2020-11-21 17:17:48.010-[restartedMain] INFO  com.huawei.sms.SmsApplication [StartupInfoLogger.java:61] - Started SmsApplication in 5.661 seconds (JVM running for 8.67)
2020-11-21 17:18:06.807-[http-nio-8080-exec-1] INFO  org.apache.catalina.core.ContainerBase.[Tomcat].[localhost].[/] [DirectJDKLog.java:173] - Initializing Spring DispatcherServlet 'dispatcherServlet'
2020-11-21 17:18:06.807-[http-nio-8080-exec-1] INFO  org.springframework.web.servlet.DispatcherServlet [FrameworkServlet.java:525] - Initializing Servlet 'dispatcherServlet'
2020-11-21 17:18:06.815-[http-nio-8080-exec-1] INFO  org.springframework.web.servlet.DispatcherServlet [FrameworkServlet.java:547] - Completed initialization in 8 ms
2020-11-21 17:19:48.659-[Thread-169] INFO  org.springframework.scheduling.concurrent.ThreadPoolTaskExecutor [ExecutorConfigurationSupport.java:218] - Shutting down ExecutorService 'applicationTaskExecutor'
2020-11-21 17:19:48.857-[restartedMain] INFO  com.huawei.sms.SmsApplication [StartupInfoLogger.java:55] - Starting SmsApplication on MicroWin10-2350 with PID 6280 (D:\huawei\sms\target\classes started by Administrator in D:\huawei\sms)
2020-11-21 17:19:48.858-[restartedMain] INFO  com.huawei.sms.SmsApplication [SpringApplication.java:651] - No active profile set, falling back to default profiles: default
2020-11-21 17:19:49.548-[restartedMain] INFO  org.springframework.boot.web.embedded.tomcat.TomcatWebServer [TomcatWebServer.java:108] - Tomcat initialized with port(s): 8080 (http)
2020-11-21 17:19:49.549-[restartedMain] INFO  org.apache.coyote.http11.Http11NioProtocol [DirectJDKLog.java:173] - Initializing ProtocolHandler ["http-nio-8080"]
2020-11-21 17:19:49.549-[restartedMain] INFO  org.apache.catalina.core.StandardService [DirectJDKLog.java:173] - Starting service [Tomcat]
2020-11-21 17:19:49.550-[restartedMain] INFO  org.apache.catalina.core.StandardEngine [DirectJDKLog.java:173] - Starting Servlet engine: [Apache Tomcat/9.0.36]
2020-11-21 17:19:49.584-[restartedMain] INFO  org.apache.catalina.core.ContainerBase.[Tomcat].[localhost].[/] [DirectJDKLog.java:173] - Initializing Spring embedded WebApplicationContext
2020-11-21 17:19:49.584-[restartedMain] INFO  org.springframework.boot.web.servlet.context.ServletWebServerApplicationContext [ServletWebServerApplicationContext.java:285] - Root WebApplicationContext: initialization completed in 720 ms
2020-11-21 17:19:49.844-[restartedMain] INFO  springfox.documentation.spring.web.PropertySourcedRequestMappingHandlerMapping [PropertySourcedRequestMappingHandlerMapping.java:69] - Mapped URL path [/v2/api-docs] onto method [springfox.documentation.swagger2.web.Swagger2Controller#getDocumentation(String, HttpServletRequest)]
2020-11-21 17:19:50.258-[restartedMain] INFO  org.springframework.scheduling.concurrent.ThreadPoolTaskExecutor [ExecutorConfigurationSupport.java:181] - Initializing ExecutorService 'applicationTaskExecutor'
2020-11-21 17:19:50.275-[restartedMain] INFO  org.springframework.boot.devtools.autoconfigure.OptionalLiveReloadServer [OptionalLiveReloadServer.java:58] - LiveReload server is running on port 35729
2020-11-21 17:19:50.919-[restartedMain] INFO  org.apache.coyote.http11.Http11NioProtocol [DirectJDKLog.java:173] - Starting ProtocolHandler ["http-nio-8080"]
2020-11-21 17:19:50.924-[restartedMain] INFO  org.springframework.boot.web.embedded.tomcat.TomcatWebServer [TomcatWebServer.java:220] - Tomcat started on port(s): 8080 (http) with context path ''
2020-11-21 17:19:50.926-[restartedMain] INFO  springfox.documentation.spring.web.plugins.DocumentationPluginsBootstrapper [DocumentationPluginsBootstrapper.java:160] - Context refreshed
2020-11-21 17:19:50.928-[restartedMain] INFO  springfox.documentation.spring.web.plugins.DocumentationPluginsBootstrapper [DocumentationPluginsBootstrapper.java:163] - Found 1 custom documentation plugin(s)
2020-11-21 17:19:50.934-[restartedMain] INFO  springfox.documentation.spring.web.scanners.ApiListingReferenceScanner [ApiListingReferenceScanner.java:41] - Scanning for api listing references
2020-11-21 17:19:50.939-[restartedMain] INFO  com.huawei.sms.SmsApplication [StartupInfoLogger.java:61] - Started SmsApplication in 2.125 seconds (JVM running for 131.599)
2020-11-21 17:19:50.943-[restartedMain] INFO  o.s.boot.devtools.autoconfigure.ConditionEvaluationDeltaLoggingListener [ConditionEvaluationDeltaLoggingListener.java:63] - Condition evaluation unchanged
